{
  "RSpec": {
    "coverage": {
      "/Users/anamariasuciu/Documents/MakersBnB/app.rb": [
        1,
        1,
        1,
        null,
        1,
        null,
        1,
        0,
        null,
        null,
        null,
        1,
        null
      ],
      "/Users/anamariasuciu/Documents/MakersBnB/data_mapper_setup.rb": [
        1,
        1,
        1,
        null,
        1,
        1,
        1
      ],
      "/Users/anamariasuciu/Documents/MakersBnB/models/user.rb": [
        null,
        null,
        1,
        1,
        null,
        1,
        1,
        null,
        null
      ],
      "/Users/anamariasuciu/Documents/MakersBnB/spec/features/user_signs_up_spec.rb": [
        1,
        1,
        1,
        0,
        0,
        null,
        null
      ]
    },
    "timestamp": 1494856889
  }
}
