{
  "RSpec": {
    "coverage": {
      "/Users/anamariasuciu/Documents/MakersBnB/spec/features/sign_in_spec.rb": [
        null,
        1,
        null,
        1,
        1,
        0,
        null,
        null,
        1,
        1,
        1,
        1,
        1,
        null,
        null,
        null
      ],
      "/Users/anamariasuciu/Documents/MakersBnB/spec/features/user_signs_up_spec.rb": [
        1,
        null,
        1,
        1,
        null,
        1,
        2,
        null,
        null
      ]
    },
    "timestamp": 1494863503
  }
}
